20230430	15:53:00	77dd2e31-0824-4b2c-a952-59e516c5057d	SequelizeDatabaseError:SQLITE_ERROR: no such table: Todos	GET	/api/v1/todos	undefined
20230430	15:57:06	ac8ce85a-147c-4bb3-b4dc-504b14d07979	SequelizeValidationError:notNull Violation: Todo.title cannot be null,
notNull Violation: Todo.completed cannot be null	POST	/api/v1/todos	undefined
20230430	15:58:25	89397708-dc42-45b4-8aac-4baf20d8bac3	SequelizeDatabaseError:SQLITE_ERROR: no such table: Todos	POST	/api/v1/todos	undefined
20230430	15:59:07	15b51739-bb9c-4eaa-aa3b-8fe54c6f8270	SequelizeDatabaseError:SQLITE_ERROR: no such table: Todos	GET	/api/v1/todos	undefined
20230430	16:01:11	d92fe14b-d3b5-4708-bfeb-bdce0679eea9	SequelizeDatabaseError:SQLITE_ERROR: no such table: Todos	GET	/api/v1/todos	undefined
20230430	16:02:56	e2519097-0b1f-4508-908f-927620ee6837	SequelizeDatabaseError:SQLITE_ERROR: no such table: Todos	GET	/api/v1/todos	undefined
20230430	16:05:46	6e60bb60-cb86-4b15-aa22-dc7adeee7860	SequelizeDatabaseError:SQLITE_ERROR: no such table: Todos	GET	/api/v1/todos	undefined
20230430	16:13:19	deeff5fe-6709-45c1-8a0f-1f8154bd7d7c	TypeError:this.checkTodoAvailable is not a function	PATCH	/api/v1/todos/1	undefined
20230430	16:14:01	a4c9edcb-0a8c-4498-9f4f-7f8024c85dc9	TypeError:Cannot read properties of undefined (reading 'id')	PATCH	/api/v1/todos/1	undefined
20230430	16:16:16	ab8b3f0f-553a-4ce4-b4f7-1c57bbae96a7	TypeError:Cannot read properties of undefined (reading 'id')	PATCH	/api/v1/todos/1	undefined
20230430	16:18:57	859ef4c4-3920-4fec-9d8a-4718bec8b1cc	TypeError:Cannot read properties of undefined (reading 'id')	PATCH	/api/v1/todos/1	undefined
20230501	09:26:38	957348e6-c1b0-4135-83da-2be7ebec5af3	SequelizeDatabaseError:SQLITE_ERROR: no such table: Todos	GET	/api/v1/todos	undefined
20230501	09:27:19	980d4fcd-e41e-4043-8ea4-48960c310db8	TypeError:Cannot read properties of undefined (reading 'id')	PATCH	/api/v1/todos/1	undefined
20230501	09:30:19	52d2926b-3302-42d4-8ef1-d79283abad69	TypeError:Cannot read properties of undefined (reading 'id')	PATCH	/api/v1/todos/1	undefined
20230501	09:31:32	40c6e8bb-5264-4c8d-a27e-e62de92b2bad	SequelizeDatabaseError:SQLITE_ERROR: no such table: Todos	POST	/api/v1/todos	undefined
20230501	09:34:08	60435605-4d63-46cf-9a44-c118a71753b8	SequelizeDatabaseError:SQLITE_ERROR: no such table: todos	POST	/api/v1/todos	undefined
20230501	09:53:49	fd5cd47a-123b-496f-b73e-e3d5a74657dd	TypeError:Cannot read properties of undefined (reading 'id')	PATCH	/api/v1/todos/2	undefined
20230501	09:53:49	898699ef-9027-471f-ac02-d247bbd44071	TypeError:Cannot read properties of undefined (reading 'id')	PATCH	/api/v1/todos/2	undefined
20230501	09:55:36	2646e669-c39a-40c8-a65e-4af34fe76a26	TypeError:Cannot read properties of undefined (reading 'id')	PATCH	/api/v1/todos/2	undefined
20230501	09:56:31	7ac20c70-c569-4a86-8ba8-924f590553f6	TypeError:Cannot read properties of undefined (reading 'id')	PATCH	/api/v1/todos/2	undefined
20230501	09:58:54	46dadcb1-130b-42be-9f64-d7b0a5daff92	TypeError:Cannot read properties of undefined (reading 'id')	PATCH	/api/v1/todos/2	undefined
20230501	16:11:31	fae6c1da-2695-48b3-8f61-f14d4e1370cf	Error:Login sessions require session support. Did you forget to use `express-session` middleware?	GET	/api/auth/google/callback?code=4%2F0AbUR2VPK-8zuWeXbI83Jy6pwgkRLju4NEj20KhQqJVVdhpxYkdCalT07zTfH_rBIuo9bMw&scope=email+profile+https%3A%2F%2Fwww.googleapis.com%2Fauth%2Fuserinfo.profile+https%3A%2F%2Fwww.googleapis.com%2Fauth%2Fuserinfo.email+openid&authuser=0&prompt=consent	undefined
20230501	16:42:55	a100de08-9fc3-42ee-86ae-68d0c008be8e	TypeError:Cannot read properties of undefined (reading 'displayName')	GET	/api/auth/google/callback?code=4%2F0AbUR2VPeTrWCyXBz574EXvOLkOB5HDGYdVDmwtCTg1_vy4FZSbS8CKNkHIDFa5zsBaC_Xw&scope=email+profile+https%3A%2F%2Fwww.googleapis.com%2Fauth%2Fuserinfo.profile+openid+https%3A%2F%2Fwww.googleapis.com%2Fauth%2Fuserinfo.email&authuser=0&prompt=none	undefined
20230501	16:44:40	88ff0a5a-6485-4e90-b82e-baafb463f4c0	Error:Missing where attribute in the options parameter passed to findOrCreate. Please note that the API has changed, and is now options only (an object with where, defaults keys, transaction etc.)	GET	/api/auth/google/callback?code=4%2F0AbUR2VPIRMksMFq0S2G6iPGDkrC5W_86iyQEHcG5UPKDCWqsONBuaWeQ718LQoXf5HcFSw&scope=email+profile+https%3A%2F%2Fwww.googleapis.com%2Fauth%2Fuserinfo.email+https%3A%2F%2Fwww.googleapis.com%2Fauth%2Fuserinfo.profile+openid&authuser=0&prompt=none	undefined
20230501	16:52:38	7364fab1-6854-4b1f-8022-7578e1a592b8	TokenError:Bad Request	GET	/api/auth/google/callback?code=4%2F0AbUR2VPIRMksMFq0S2G6iPGDkrC5W_86iyQEHcG5UPKDCWqsONBuaWeQ718LQoXf5HcFSw&scope=email+profile+https%3A%2F%2Fwww.googleapis.com%2Fauth%2Fuserinfo.email+https%3A%2F%2Fwww.googleapis.com%2Fauth%2Fuserinfo.profile+openid&authuser=0&prompt=none	undefined
20230501	17:50:02	3ce66a11-fd41-4cde-8823-d015cb7eae26	SequelizeDatabaseError:SQLITE_ERROR: no such column: UserId	PATCH	/api/todos/2	undefined
20230501	17:51:00	fafa1a57-0e6e-4a8f-8969-a4fce1b44b96	SequelizeDatabaseError:SQLITE_ERROR: no such column: UserId	GET	/api/todos	undefined
20230501	17:51:19	caa34619-1614-40a7-90bb-79ad36804e07	SequelizeDatabaseError:SQLITE_ERROR: no such column: UserId	DELETE	/api/todos/1	undefined
20230501	18:10:29	df58edd8-96a4-4a4f-af9b-74aa9b2a5e80	TypeError:Cannot read properties of undefined (reading 'id')	POST	/api/todos	undefined
20230502	10:29:06	bb15f265-9d15-4477-862f-d67138c7b36f	Error:Not allowed by CORS	GET	/todos	http://localhost:5173
20230502	10:29:16	90e6528d-49ac-45a1-9dee-b43844111fff	Error:Not allowed by CORS	GET	/todos	http://localhost:5173
20230502	10:45:12	0b1ca590-2643-4274-ab56-5bb7a91a60bb	Error:Not allowed by CORS	GET	/api/todos	http://localhost:5173
20230502	10:45:23	bb7d96dd-8feb-4ca7-9adb-4697aac86b1c	Error:Not allowed by CORS	GET	/api/todos	http://localhost:5173
20230502	11:13:05	4020427e-f7f0-4c5b-8657-7f6d564c959d	Error:Not allowed by CORS	GET	/api/todos	http://localhost:5173
20230502	11:21:22	ed9da88b-9b27-47da-833a-6bf553a58160	Error:Not allowed by CORS	GET	/api/todos	http://localhost:5173
20230502	11:21:28	396265d5-f66a-423a-b633-b93cb4614c6f	Error:Not allowed by CORS	GET	/api/todos	http://localhost:5173
20230502	11:21:39	2fec062b-61cf-4f28-a224-3ba2bf9aebf5	Error:Not allowed by CORS	GET	/api/todos	http://localhost:5173
20230502	11:21:47	1aa79043-a178-4914-b8ef-b92d44501c81	Error:Not allowed by CORS	GET	/api/todos	http://localhost:5173
20230502	11:22:16	c23ba235-4e89-4d0f-bb7d-441364228879	Error:Not allowed by CORS	GET	/api/auth/login/google	http://localhost:5173
20230502	11:23:03	e8639e03-49d8-4424-85fb-8b7ae29f8731	Error:Not allowed by CORS	GET	/api/auth/login/google	http://localhost:5173
20230502	12:18:28	7418ab1d-9988-4fab-bc35-f48d4e55c19e	Error:Cannot set headers after they are sent to the client	GET	/api/auth/google/callback?code=4%2F0AbUR2VOGk8eOyelHvhQtx8iMjoqRh3g6wNxUCg1gl6n1ddyl95dC_9gLX0lPZdzIWjAjHg&scope=email+profile+https%3A%2F%2Fwww.googleapis.com%2Fauth%2Fuserinfo.profile+https%3A%2F%2Fwww.googleapis.com%2Fauth%2Fuserinfo.email+openid&authuser=0&prompt=none	undefined
20230502	13:56:03	aee2d7b1-9404-40ed-b4c2-6b6dff1da6a8	Error:Unknown authentication strategy "function JwtStrategy(options, verify) {

    passport.Strategy.call(this);
    this.name = 'jwt';

    this._secretOrKeyProvider = options.secretOrKeyProvider;

    if (options.secretOrKey) {
        if (this._secretOrKeyProvider) {
          	throw new TypeError('JwtStrategy has been given both a secretOrKey and a secretOrKeyProvider');
        }
        this._secretOrKeyProvider = function (request, rawJwtToken, done) {
            done(null, options.secretOrKey)
        };
    }

    if (!this._secretOrKeyProvider) {
        throw new TypeError('JwtStrategy requires a secret or key');
    }

    this._verify = verify;
    if (!this._verify) {
        throw new TypeError('JwtStrategy requires a verify callback');
    }

    this._jwtFromRequest = options.jwtFromRequest;
    if (!this._jwtFromRequest) {
        throw new TypeError('JwtStrategy requires a function to retrieve jwt from requests (see option jwtFromRequest)');
    }

    this._passReqToCallback = options.passReqToCallback;
    var jsonWebTokenOptions = options.jsonWebTokenOptions || {};
    //for backwards compatibility, still allowing you to pass
    //audience / issuer / algorithms / ignoreExpiration
    //on the options.
    this._verifOpts = assign({}, jsonWebTokenOptions, {
      audience: options.audience,
      issuer: options.issuer,
      algorithms: options.algorithms,
      ignoreExpiration: !!options.ignoreExpiration
    });

}"	GET	/api/todos	undefined
20230502	14:02:44	5a634312-800f-4700-ba08-05d6c0397fa8	Error:Not allowed by CORS	GET	/api/todos	http://localhost:5173
20230502	14:02:47	49068968-5bad-40a1-b2e7-6a12504916a1	Error:Not allowed by CORS	GET	/api/todos	http://localhost:5173
20230502	14:02:57	5b1ccbbb-c8e7-4209-97b2-df7918a75b95	Error:Not allowed by CORS	GET	/api/todos	http://localhost:5173
20230502	14:03:11	4639266d-c862-4479-87c0-0e18be1f2c71	Error:Not allowed by CORS	GET	/api/todos	http://localhost:5173
20230502	14:03:16	d4d22c69-dc60-492f-bb9c-37b0902ea466	Error:Not allowed by CORS	GET	/api/todos	http://localhost:5173
20230502	15:26:53	8ca7d983-132e-4aad-9d11-6441e3cfb570	TypeError:Cannot read properties of undefined (reading 'username')	GET	/api/todos	http://localhost:5173
20230502	15:26:58	9ee29b0a-cbfc-4e88-8f87-29c15330c5a1	TypeError:Cannot read properties of undefined (reading 'username')	GET	/api/todos	http://localhost:5173
20230502	15:26:59	5612539a-503a-4565-9bce-f4d9569c5d87	TypeError:Cannot read properties of undefined (reading 'username')	GET	/api/todos	http://localhost:5173
20230502	15:27:04	ffd797c6-1f6f-45d5-bb30-63b1986a6390	TypeError:Cannot read properties of undefined (reading 'username')	GET	/api/todos	http://localhost:5173
20230502	15:27:06	b701a0b4-b658-43fc-8691-f458fc3747f5	TypeError:Cannot read properties of undefined (reading 'username')	GET	/api/todos	http://localhost:5173
20230502	15:27:16	502c426a-d177-4f51-b838-74f5b1bffee5	TypeError:Cannot read properties of undefined (reading 'username')	GET	/api/todos	http://localhost:5173
20230502	15:27:19	afcbd8a6-9863-4551-99a8-90dc4c9d4067	TypeError:Cannot read properties of undefined (reading 'username')	GET	/api/todos	http://localhost:5173
20230502	15:27:26	e586017f-e418-4d67-ae2d-ee16c495ccea	TypeError:Cannot read properties of undefined (reading 'username')	GET	/api/todos	http://localhost:5173
20230502	15:57:42	860848cc-20b3-41f3-89a8-d7e6b9dd644a	InternalOAuthError:Failed to fetch user profile	GET	/api/auth/google/callback?code=4%2F0AbUR2VPoVA4Tuh1B3hRNvwjHiLZ6Ds7297-nPsUTpPad_G6a3NL0sSZApAQXijduYDC-KQ&scope=email+profile+https%3A%2F%2Fwww.googleapis.com%2Fauth%2Fuserinfo.email+https%3A%2F%2Fwww.googleapis.com%2Fauth%2Fuserinfo.profile+openid&authuser=0&prompt=none	undefined
20230502	16:58:49	990d688f-445f-4abf-8f9b-bb2a1a9c4a87	TypeError:option expires is invalid	POST	/api/auth/logout	http://localhost:5173
20230504	13:58:41	68c98cb5-ddc1-445c-b4f7-b493b902e75b	Error:Login sessions require session support. Did you forget to use `express-session` middleware?	GET	/api/auth/google/callback?code=4%2F0AbUR2VOTkgmKup3fzuUB0ajNTgIaLFSPThIbMt_TcpRcPgVryOCIr5WAtGLN9LVlsyZS8Q&scope=email+profile+https%3A%2F%2Fwww.googleapis.com%2Fauth%2Fuserinfo.email+openid+https%3A%2F%2Fwww.googleapis.com%2Fauth%2Fuserinfo.profile&authuser=0&prompt=none	undefined
20230504	16:04:04	68aa635f-94c2-478a-8ffe-1fb5e2f9eb62	SequelizeUniqueConstraintError:Validation error	POST	/api/todos	http://localhost:5173
20230504	16:30:45	b38fedfa-3aaf-42c1-88fc-59aa007b45e4	ReferenceError:asyncHandler is not defined	GET	/api/auth/refresh	http://localhost:5173
20230504	16:31:53	82aee0db-32e7-4ec8-8714-6595cd1dafde	ReferenceError:asyncHandler is not defined	GET	/api/auth/refresh	http://localhost:5173
20230504	16:44:22	36619995-0c6a-4655-b52d-1153eeb2160b	TypeError:Cannot read properties of undefined (reading 'id')	POST	/api/todos	http://localhost:5173
20230504	16:56:09	5d5ce39a-c66b-4380-befe-f36b7e357243	TypeError:Cannot read properties of undefined (reading 'id')	POST	/api/todos	http://localhost:5173
20230504	17:08:23	586193ac-85dc-46fd-825a-ab20c66d3459	TypeError:Cannot read properties of undefined (reading 'id')	POST	/api/todos	http://localhost:5173
20230504	17:08:27	3b65b0da-d9d7-4766-bbb4-b5e290dc49b5	TypeError:Cannot read properties of undefined (reading 'id')	POST	/api/todos	http://localhost:5173
20230504	17:09:49	b0b8e9c8-eece-4cb1-9c4d-a5f1c5c2451b	TypeError:Cannot read properties of undefined (reading 'id')	POST	/api/todos	http://localhost:5173
20230504	17:14:14	64f426d0-9f16-4b90-bb81-21a8020dbdc4	Error:WHERE parameter "UserId" has invalid "undefined" value	GET	/api/todos	http://localhost:5173
20230504	17:14:14	60c150ee-0c85-44cb-8907-35b5e9d86cb0	Error:WHERE parameter "UserId" has invalid "undefined" value	GET	/api/todos	http://localhost:5173
20230504	17:14:19	8a8ca70c-3737-4052-9c41-55a06ecffe88	Error:WHERE parameter "UserId" has invalid "undefined" value	GET	/api/todos	http://localhost:5173
20230504	17:14:45	c9a3541c-33ca-4b90-9118-d7dc5a76ddf7	Error:WHERE parameter "UserId" has invalid "undefined" value	GET	/api/todos	http://localhost:5173
20230504	17:15:02	536c55d2-cdbc-467e-b57c-d621a59687fb	Error:WHERE parameter "UserId" has invalid "undefined" value	GET	/api/todos	http://localhost:5173
20230504	17:15:03	33836833-ee4f-4ab7-9882-f16e42a19c58	Error:WHERE parameter "UserId" has invalid "undefined" value	GET	/api/todos	http://localhost:5173
20230504	17:15:13	1fa11c2c-a3b2-4ba7-8dac-6542e2d39aaa	Error:WHERE parameter "UserId" has invalid "undefined" value	GET	/api/todos	http://localhost:5173
20230504	18:46:20	4cdcb9fe-e0a2-466b-a9e3-842d00bce845	ReferenceError:jwtToken is not defined	GET	/api/todos	http://localhost:5173
20230504	18:46:25	692b6d14-5e61-48aa-8e80-a09c9c1535f0	ReferenceError:jwtToken is not defined	GET	/api/todos	http://localhost:5173
20230504	18:46:35	677e2815-a704-41b9-aefe-bb70d3bc483e	ReferenceError:jwtToken is not defined	GET	/api/todos	http://localhost:5173
20230504	18:47:09	b51f8647-4a89-46ad-97de-a1104b6c3d1b	ReferenceError:jwtToken is not defined	GET	/api/todos	http://localhost:5173
20230504	18:47:09	d4b417d4-1bbd-4582-a2f0-769922abd829	ReferenceError:jwtToken is not defined	GET	/api/todos	http://localhost:5173
20230504	18:47:19	6deb891e-aed6-4796-8882-940b456963c9	ReferenceError:jwtToken is not defined	GET	/api/todos	http://localhost:5173
20230504	18:47:39	3bfff1a2-8701-4cde-9b4f-f4ca08c90f70	ReferenceError:jwtToken is not defined	GET	/api/todos	http://localhost:5173
20230504	18:47:59	b23cbc3d-5aba-4c08-aeb1-aed775895fdc	ReferenceError:jwtToken is not defined	GET	/api/todos	http://localhost:5173
20230505	11:44:54	d59330a1-87e7-48ec-803d-f619c062e831	Error:Not allowed by CORS	GET	/api/auth/login/google	undefined
20230505	11:44:54	9bceaf81-c08f-493d-8bd5-fde6e1512dff	Error:Not allowed by CORS	GET	/favicon.ico	undefined
20230505	12:41:02	db4b3843-1c14-4f01-b8bd-d6fdeb66b85d	SequelizeForeignKeyConstraintError:insert or update on table "todos" violates foreign key constraint "todos_UserId_fkey"	POST	/api/todos	http://localhost:5173
20230505	12:41:24	5520192e-1e74-4029-8d12-bc0e92435a8e	SequelizeForeignKeyConstraintError:insert or update on table "todos" violates foreign key constraint "todos_UserId_fkey"	POST	/api/todos	http://localhost:5173
20230505	12:43:48	12ff0867-b13b-4642-b6c7-f9e191990320	SequelizeForeignKeyConstraintError:insert or update on table "todos" violates foreign key constraint "todos_UserId_fkey"	POST	/api/todos	http://localhost:5173
